Arguments: 
  D:\Program Files\nodejs\node.exe d:\Program Files\nodejs\node_global\node_modules\yarn\bin\yarn.js config

PATH: 
  C:\ProgramData\Oracle\Java\javapath;C:\Program Files (x86)\Intel\iCLS Client\;C:\Program Files\Intel\iCLS Client\;C:\Windows\system32;C:\Windows;C:\Windows\System32\Wbem;C:\Windows\System32\WindowsPowerShell\v1.0\;C:\Program Files (x86)\NVIDIA Corporation\PhysX\Common;C:\Program Files (x86)\Intel\Intel(R) Management Engine Components\DAL;C:\Program Files\Intel\Intel(R) Management Engine Components\DAL;C:\Program Files (x86)\Intel\Intel(R) Management Engine Components\IPT;C:\Program Files\Intel\Intel(R) Management Engine Components\IPT;D:\Program Files\nodejs\;d:\Program Files\nodejs\node_global;D:\Program Files\Sublime Text 3;D:\Program Files\TortoiseGit\bin;D:\Program Files\VisualSVN Server\bin;C:\WINDOWS\system32;C:\WINDOWS;C:\WINDOWS\System32\Wbem;C:\WINDOWS\System32\WindowsPowerShell\v1.0\;D:\Program Files\TortoiseSVN\bin;D:\Program Files (x86)\Java\jdk1.8.0_144\bin;D:\phpStudy\PHPTutorial\MySQL\bin;C:\Program Files\VisualSVN Server\bin;d:\Program Files\Git\cmd;D:\Python\Python36\Scripts\;D:\Python\Python36\;d:\Ruby24-x64\bin;C:\Users\wy\AppData\Local\Microsoft\WindowsApps;d:\Program Files (x86)\Egret\Egret Wing 3\bin;C:\Users\wy\AppData\Roaming\npm;C:\Users\wy\AppData\Local\GitHubDesktop\bin;d:\Program Files\Microsoft VS Code\bin

Yarn version: 
  1.5.1

Node version: 
  8.9.3

Platform: 
  win32 x64

npm manifest: 
  No manifest

yarn manifest: 
  No manifest

Lockfile: 
  No lockfile

Trace: 
  Error: Invalid subcommand. Try "set, get, delete, list, current"
      at new MessageError (d:\Program Files\nodejs\node_global\node_modules\yarn\lib\cli.js:186:110)
      at Object.<anonymous> (d:\Program Files\nodejs\node_global\node_modules\yarn\lib\cli.js:30362:59)
      at Generator.next (<anonymous>)
      at step (d:\Program Files\nodejs\node_global\node_modules\yarn\lib\cli.js:98:30)
      at d:\Program Files\nodejs\node_global\node_modules\yarn\lib\cli.js:116:14
      at new Promise (<anonymous>)
      at new F (d:\Program Files\nodejs\node_global\node_modules\yarn\lib\cli.js:23451:28)
      at Object.<anonymous> (d:\Program Files\nodejs\node_global\node_modules\yarn\lib\cli.js:95:12)
      at Object.run (d:\Program Files\nodejs\node_global\node_modules\yarn\lib\cli.js:30366:19)
      at run (d:\Program Files\nodejs\node_global\node_modules\yarn\lib\cli.js:89113:20)
